# JRE version: OpenJDK Runtime Environment (8.0_151-b12) (build 1.8.0_151-b12)
# Java VM: OpenJDK 64-Bit Server VM (25.151-b12 mixed mode linux-amd64 compressed oops)
Heap:
 PSYoungGen      total 36864K, used 10701K [0x00000000d6b00000, 0x00000000d9400000, 0x0000000100000000)
  eden space 31744K, 33% used [0x00000000d6b00000,0x00000000d75734b0,0x00000000d8a00000)
  from space 5120K, 0% used [0x00000000d8f00000,0x00000000d8f00000,0x00000000d9400000)
  to   space 5120K, 0% used [0x00000000d8a00000,0x00000000d8a00000,0x00000000d8f00000)
 ParOldGen       total 47616K, used 10045K [0x0000000084000000, 0x0000000086e80000, 0x00000000d6b00000)
  object space 47616K, 21% used [0x0000000084000000,0x00000000849cf4c8,0x0000000086e80000)
 Metaspace       used 22975K, capacity 23207K, committed 23424K, reserved 1071104K
  class space    used 2361K, capacity 2427K, committed 2432K, reserved 1048576K
GC Heap History (6 events):
Event: 2.328 GC heap before
{Heap before GC invocations=1 (full 0):
 PSYoungGen      total 36864K, used 31744K [0x00000000d6b00000, 0x00000000d9400000, 0x0000000100000000)
  eden space 31744K, 100% used [0x00000000d6b00000,0x00000000d8a00000,0x00000000d8a00000)
  from space 5120K, 0% used [0x00000000d8f00000,0x00000000d8f00000,0x00000000d9400000)
  to   space 5120K, 0% used [0x00000000d8a00000,0x00000000d8a00000,0x00000000d8f00000)
 ParOldGen       total 84992K, used 0K [0x0000000084000000, 0x0000000089300000, 0x00000000d6b00000)
  object space 84992K, 0% used [0x0000000084000000,0x0000000084000000,0x0000000089300000)
 Metaspace       used 11942K, capacity 12108K, committed 12416K, reserved 1060864K
  class space    used 1202K, capacity 1287K, committed 1408K, reserved 1048576K
Event: 2.335 GC heap after
Heap after GC invocations=1 (full 0):
 PSYoungGen      total 36864K, used 5088K [0x00000000d6b00000, 0x00000000d9400000, 0x0000000100000000)
  eden space 31744K, 0% used [0x00000000d6b00000,0x00000000d6b00000,0x00000000d8a00000)
  from space 5120K, 99% used [0x00000000d8a00000,0x00000000d8ef8020,0x00000000d8f00000)
  to   space 5120K, 0% used [0x00000000d8f00000,0x00000000d8f00000,0x00000000d9400000)
 ParOldGen       total 84992K, used 1944K [0x0000000084000000, 0x0000000089300000, 0x00000000d6b00000)
  object space 84992K, 2% used [0x0000000084000000,0x00000000841e6280,0x0000000089300000)
 Metaspace       used 11942K, capacity 12108K, committed 12416K, reserved 1060864K
  class space    used 1202K, capacity 1287K, committed 1408K, reserved 1048576K
}
Event: 9.177 GC heap before
{Heap before GC invocations=2 (full 0):
 PSYoungGen      total 36864K, used 28838K [0x00000000d6b00000, 0x00000000d9400000, 0x0000000100000000)
  eden space 31744K, 74% used [0x00000000d6b00000,0x00000000d82317e8,0x00000000d8a00000)
  from space 5120K, 99% used [0x00000000d8a00000,0x00000000d8ef8020,0x00000000d8f00000)
  to   space 5120K, 0% used [0x00000000d8f00000,0x00000000d8f00000,0x00000000d9400000)
 ParOldGen       total 84992K, used 1944K [0x0000000084000000, 0x0000000089300000, 0x00000000d6b00000)
  object space 84992K, 2% used [0x0000000084000000,0x00000000841e6280,0x0000000089300000)
 Metaspace       used 20876K, capacity 21095K, committed 21248K, reserved 1069056K
  class space    used 2171K, capacity 2235K, committed 2304K, reserved 1048576K
Event: 9.188 GC heap after
Heap after GC invocations=2 (full 0):
 PSYoungGen      total 36864K, used 5093K [0x00000000d6b00000, 0x00000000d9400000, 0x0000000100000000)
  eden space 31744K, 0% used [0x00000000d6b00000,0x00000000d6b00000,0x00000000d8a00000)
  from space 5120K, 99% used [0x00000000d8f00000,0x00000000d93f97f0,0x00000000d9400000)
  to   space 5120K, 0% used [0x00000000d8a00000,0x00000000d8a00000,0x00000000d8f00000)
 ParOldGen       total 84992K, used 6595K [0x0000000084000000, 0x0000000089300000, 0x00000000d6b00000)
  object space 84992K, 7% used [0x0000000084000000,0x0000000084670d00,0x0000000089300000)
 Metaspace       used 20876K, capacity 21095K, committed 21248K, reserved 1069056K
  class space    used 2171K, capacity 2235K, committed 2304K, reserved 1048576K
}
Event: 9.188 GC heap before
{Heap before GC invocations=3 (full 1):
 PSYoungGen      total 36864K, used 5093K [0x00000000d6b00000, 0x00000000d9400000, 0x0000000100000000)
  eden space 31744K, 0% used [0x00000000d6b00000,0x00000000d6b00000,0x00000000d8a00000)
  from space 5120K, 99% used [0x00000000d8f00000,0x00000000d93f97f0,0x00000000d9400000)
  to   space 5120K, 0% used [0x00000000d8a00000,0x00000000d8a00000,0x00000000d8f00000)
 ParOldGen       total 84992K, used 6595K [0x0000000084000000, 0x0000000089300000, 0x00000000d6b00000)
  object space 84992K, 7% used [0x0000000084000000,0x0000000084670d00,0x0000000089300000)
 Metaspace       used 20876K, capacity 21095K, committed 21248K, reserved 1069056K
  class space    used 2171K, capacity 2235K, committed 2304K, reserved 1048576K
Event: 9.225 GC heap after
Heap after GC invocations=3 (full 1):
 PSYoungGen      total 36864K, used 0K [0x00000000d6b00000, 0x00000000d9400000, 0x0000000100000000)
  eden space 31744K, 0% used [0x00000000d6b00000,0x00000000d6b00000,0x00000000d8a00000)
  from space 5120K, 0% used [0x00000000d8f00000,0x00000000d8f00000,0x00000000d9400000)
  to   space 5120K, 0% used [0x00000000d8a00000,0x00000000d8a00000,0x00000000d8f00000)
 ParOldGen       total 47616K, used 10045K [0x0000000084000000, 0x0000000086e80000, 0x00000000d6b00000)
  object space 47616K, 21% used [0x0000000084000000,0x00000000849cf4c8,0x0000000086e80000)
 Metaspace       used 20876K, capacity 21095K, committed 21248K, reserved 1069056K
  class space    used 2171K, capacity 2235K, committed 2304K, reserved 1048576K
}

